2012-12-12 03:21:39 Error: [MissingViewException] View file "C:\wamp\www\themeboard\app\View\Boards\index.ctp" is missing.
#0 C:\wamp\www\themeboard\lib\Cake\View\View.php(473): View->_getViewFileName(NULL)
#1 C:\wamp\www\themeboard\lib\Cake\Controller\Controller.php(956): View->render(NULL, NULL)
#2 C:\wamp\www\themeboard\lib\Cake\Routing\Dispatcher.php(193): Controller->render()
#3 C:\wamp\www\themeboard\lib\Cake\Routing\Dispatcher.php(161): Dispatcher->_invoke(Object(BoardsController), Object(CakeRequest), Object(CakeResponse))
#4 C:\wamp\www\themeboard\app\webroot\index.php(92): Dispatcher->dispatch(Object(CakeRequest), Object(CakeResponse))
#5 {main}
2012-12-12 03:24:56 Error: [MissingViewException] View file "C:\wamp\www\themeboard\app\View\Boards\index.ctp" is missing.
#0 C:\wamp\www\themeboard\lib\Cake\View\View.php(473): View->_getViewFileName(NULL)
#1 C:\wamp\www\themeboard\lib\Cake\Controller\Controller.php(956): View->render(NULL, NULL)
#2 C:\wamp\www\themeboard\lib\Cake\Routing\Dispatcher.php(193): Controller->render()
#3 C:\wamp\www\themeboard\lib\Cake\Routing\Dispatcher.php(161): Dispatcher->_invoke(Object(BoardsController), Object(CakeRequest), Object(CakeResponse))
#4 C:\wamp\www\themeboard\app\webroot\index.php(92): Dispatcher->dispatch(Object(CakeRequest), Object(CakeResponse))
#5 {main}
2012-12-12 03:37:11 Error: Fatal Error (4): parse error in [C:\wamp\www\themeboard\app\View\Boards\index.ctp, line 3]
2012-12-12 03:37:11 Error: [FatalErrorException] parse error
#0 C:\wamp\www\themeboard\lib\Cake\Error\ErrorHandler.php(161): ErrorHandler::handleFatalError(4, 'parse error', 'C:\wamp\www\the...', 3)
#1 [internal function]: ErrorHandler::handleError(4, 'parse error', 'C:\wamp\www\the...', 3, Array)
#2 C:\wamp\www\themeboard\lib\Cake\Core\App.php(926): call_user_func('ErrorHandler::h...', 4, 'parse error', 'C:\wamp\www\the...', 3, Array)
#3 C:\wamp\www\themeboard\lib\Cake\Core\App.php(899): App::_checkFatalError()
#4 [internal function]: App::shutdown()
#5 {main}
2012-12-12 03:37:32 Error: Fatal Error (4): parse error in [C:\wamp\www\themeboard\app\View\Boards\index.ctp, line 5]
2012-12-12 03:37:32 Error: [FatalErrorException] parse error
#0 C:\wamp\www\themeboard\lib\Cake\Error\ErrorHandler.php(161): ErrorHandler::handleFatalError(4, 'parse error', 'C:\wamp\www\the...', 5)
#1 [internal function]: ErrorHandler::handleError(4, 'parse error', 'C:\wamp\www\the...', 5, Array)
#2 C:\wamp\www\themeboard\lib\Cake\Core\App.php(926): call_user_func('ErrorHandler::h...', 4, 'parse error', 'C:\wamp\www\the...', 5, Array)
#3 C:\wamp\www\themeboard\lib\Cake\Core\App.php(899): App::_checkFatalError()
#4 [internal function]: App::shutdown()
#5 {main}
2012-12-12 03:39:06 Error: Fatal Error (4): parse error in [C:\wamp\www\themeboard\app\View\Boards\index.ctp, line 3]
2012-12-12 03:39:06 Error: [FatalErrorException] parse error
#0 C:\wamp\www\themeboard\lib\Cake\Error\ErrorHandler.php(161): ErrorHandler::handleFatalError(4, 'parse error', 'C:\wamp\www\the...', 3)
#1 [internal function]: ErrorHandler::handleError(4, 'parse error', 'C:\wamp\www\the...', 3, Array)
#2 C:\wamp\www\themeboard\lib\Cake\Core\App.php(926): call_user_func('ErrorHandler::h...', 4, 'parse error', 'C:\wamp\www\the...', 3, Array)
#3 C:\wamp\www\themeboard\lib\Cake\Core\App.php(899): App::_checkFatalError()
#4 [internal function]: App::shutdown()
#5 {main}
2012-12-12 03:40:41 Error: Fatal Error (4): parse error in [C:\wamp\www\themeboard\app\View\Boards\index.ctp, line 3]
2012-12-12 03:40:41 Error: [FatalErrorException] parse error
#0 C:\wamp\www\themeboard\lib\Cake\Error\ErrorHandler.php(161): ErrorHandler::handleFatalError(4, 'parse error', 'C:\wamp\www\the...', 3)
#1 [internal function]: ErrorHandler::handleError(4, 'parse error', 'C:\wamp\www\the...', 3, Array)
#2 C:\wamp\www\themeboard\lib\Cake\Core\App.php(926): call_user_func('ErrorHandler::h...', 4, 'parse error', 'C:\wamp\www\the...', 3, Array)
#3 C:\wamp\www\themeboard\lib\Cake\Core\App.php(899): App::_checkFatalError()
#4 [internal function]: App::shutdown()
#5 {main}
2012-12-12 03:41:52 Error: Fatal Error (4): parse error in [C:\wamp\www\themeboard\app\View\Boards\index.ctp, line 5]
2012-12-12 03:41:52 Error: [FatalErrorException] parse error
#0 C:\wamp\www\themeboard\lib\Cake\Error\ErrorHandler.php(161): ErrorHandler::handleFatalError(4, 'parse error', 'C:\wamp\www\the...', 5)
#1 [internal function]: ErrorHandler::handleError(4, 'parse error', 'C:\wamp\www\the...', 5, Array)
#2 C:\wamp\www\themeboard\lib\Cake\Core\App.php(926): call_user_func('ErrorHandler::h...', 4, 'parse error', 'C:\wamp\www\the...', 5, Array)
#3 C:\wamp\www\themeboard\lib\Cake\Core\App.php(899): App::_checkFatalError()
#4 [internal function]: App::shutdown()
#5 {main}
2012-12-12 03:42:50 Error: Fatal Error (4): parse error in [C:\wamp\www\themeboard\app\View\Boards\index.ctp, line 2]
2012-12-12 03:42:50 Error: [FatalErrorException] parse error
#0 C:\wamp\www\themeboard\lib\Cake\Error\ErrorHandler.php(161): ErrorHandler::handleFatalError(4, 'parse error', 'C:\wamp\www\the...', 2)
#1 [internal function]: ErrorHandler::handleError(4, 'parse error', 'C:\wamp\www\the...', 2, Array)
#2 C:\wamp\www\themeboard\lib\Cake\Core\App.php(926): call_user_func('ErrorHandler::h...', 4, 'parse error', 'C:\wamp\www\the...', 2, Array)
#3 C:\wamp\www\themeboard\lib\Cake\Core\App.php(899): App::_checkFatalError()
#4 [internal function]: App::shutdown()
#5 {main}
2012-12-12 03:55:57 Error: [MissingViewException] View file "C:\wamp\www\themeboard\app\View\Boards\view.ctp" is missing.
#0 C:\wamp\www\themeboard\lib\Cake\View\View.php(473): View->_getViewFileName(NULL)
#1 C:\wamp\www\themeboard\lib\Cake\Controller\Controller.php(956): View->render(NULL, NULL)
#2 C:\wamp\www\themeboard\lib\Cake\Routing\Dispatcher.php(193): Controller->render()
#3 C:\wamp\www\themeboard\lib\Cake\Routing\Dispatcher.php(161): Dispatcher->_invoke(Object(BoardsController), Object(CakeRequest), Object(CakeResponse))
#4 C:\wamp\www\themeboard\app\webroot\index.php(92): Dispatcher->dispatch(Object(CakeRequest), Object(CakeResponse))
#5 {main}
2012-12-12 03:57:31 Error: [PDOException] SQLSTATE[42S22]: Column not found: 1054 Unknown column 'Board.1' in 'field list'
#0 C:\wamp\www\themeboard\lib\Cake\Model\Datasource\DboSource.php(459): PDOStatement->execute(Array)
#1 C:\wamp\www\themeboard\lib\Cake\Model\Datasource\DboSource.php(425): DboSource->_execute('SELECT `Board`....', Array)
#2 C:\wamp\www\themeboard\lib\Cake\Model\Datasource\DboSource.php(669): DboSource->execute('SELECT `Board`....', Array, Array)
#3 C:\wamp\www\themeboard\lib\Cake\Model\Datasource\DboSource.php(1080): DboSource->fetchAll('SELECT `Board`....', false)
#4 C:\wamp\www\themeboard\lib\Cake\Model\Model.php(2637): DboSource->read(Object(Board), Array)
#5 C:\wamp\www\themeboard\lib\Cake\Model\Model.php(1520): Model->find('first', Array)
#6 C:\wamp\www\themeboard\app\Controller\BoardsController.php(28): Model->read('1')
#7 [internal function]: BoardsController->view('1')
#8 C:\wamp\www\themeboard\lib\Cake\Controller\Controller.php(485): ReflectionMethod->invokeArgs(Object(BoardsController), Array)
#9 C:\wamp\www\themeboard\lib\Cake\Routing\Dispatcher.php(186): Controller->invokeAction(Object(CakeRequest))
#10 C:\wamp\www\themeboard\lib\Cake\Routing\Dispatcher.php(161): Dispatcher->_invoke(Object(BoardsController), Object(CakeRequest), Object(CakeResponse))
#11 C:\wamp\www\themeboard\app\webroot\index.php(92): Dispatcher->dispatch(Object(CakeRequest), Object(CakeResponse))
#12 {main}
2012-12-12 04:26:15 Error: [MissingActionException] Action BoardsController::1() could not be found.
#0 C:\wamp\www\themeboard\lib\Cake\Routing\Dispatcher.php(186): Controller->invokeAction(Object(CakeRequest))
#1 C:\wamp\www\themeboard\lib\Cake\Routing\Dispatcher.php(161): Dispatcher->_invoke(Object(BoardsController), Object(CakeRequest), Object(CakeResponse))
#2 C:\wamp\www\themeboard\app\webroot\index.php(92): Dispatcher->dispatch(Object(CakeRequest), Object(CakeResponse))
#3 {main}
2012-12-12 04:29:45 Error: [MissingActionException] Action BoardsController::1() could not be found.
#0 C:\wamp\www\themeboard\lib\Cake\Routing\Dispatcher.php(186): Controller->invokeAction(Object(CakeRequest))
#1 C:\wamp\www\themeboard\lib\Cake\Routing\Dispatcher.php(161): Dispatcher->_invoke(Object(BoardsController), Object(CakeRequest), Object(CakeResponse))
#2 C:\wamp\www\themeboard\app\webroot\index.php(92): Dispatcher->dispatch(Object(CakeRequest), Object(CakeResponse))
#3 {main}
2012-12-12 04:31:27 Error: [MissingActionException] Action BoardsController::1() could not be found.
#0 C:\wamp\www\themeboard\lib\Cake\Routing\Dispatcher.php(186): Controller->invokeAction(Object(CakeRequest))
#1 C:\wamp\www\themeboard\lib\Cake\Routing\Dispatcher.php(161): Dispatcher->_invoke(Object(BoardsController), Object(CakeRequest), Object(CakeResponse))
#2 C:\wamp\www\themeboard\app\webroot\index.php(92): Dispatcher->dispatch(Object(CakeRequest), Object(CakeResponse))
#3 {main}
2012-12-12 04:32:22 Error: [MissingActionException] Action BoardsController::1() could not be found.
#0 C:\wamp\www\themeboard\lib\Cake\Routing\Dispatcher.php(186): Controller->invokeAction(Object(CakeRequest))
#1 C:\wamp\www\themeboard\lib\Cake\Routing\Dispatcher.php(161): Dispatcher->_invoke(Object(BoardsController), Object(CakeRequest), Object(CakeResponse))
#2 C:\wamp\www\themeboard\app\webroot\index.php(92): Dispatcher->dispatch(Object(CakeRequest), Object(CakeResponse))
#3 {main}
2012-12-12 04:33:44 Error: [MissingActionException] Action BoardsController::1() could not be found.
#0 C:\wamp\www\themeboard\lib\Cake\Routing\Dispatcher.php(186): Controller->invokeAction(Object(CakeRequest))
#1 C:\wamp\www\themeboard\lib\Cake\Routing\Dispatcher.php(161): Dispatcher->_invoke(Object(BoardsController), Object(CakeRequest), Object(CakeResponse))
#2 C:\wamp\www\themeboard\app\webroot\index.php(92): Dispatcher->dispatch(Object(CakeRequest), Object(CakeResponse))
#3 {main}
2012-12-12 04:34:10 Error: [MissingActionException] Action BoardsController::1() could not be found.
#0 C:\wamp\www\themeboard\lib\Cake\Routing\Dispatcher.php(186): Controller->invokeAction(Object(CakeRequest))
#1 C:\wamp\www\themeboard\lib\Cake\Routing\Dispatcher.php(161): Dispatcher->_invoke(Object(BoardsController), Object(CakeRequest), Object(CakeResponse))
#2 C:\wamp\www\themeboard\app\webroot\index.php(92): Dispatcher->dispatch(Object(CakeRequest), Object(CakeResponse))
#3 {main}
2012-12-12 04:34:31 Error: [MissingActionException] Action BoardsController::1() could not be found.
#0 C:\wamp\www\themeboard\lib\Cake\Routing\Dispatcher.php(186): Controller->invokeAction(Object(CakeRequest))
#1 C:\wamp\www\themeboard\lib\Cake\Routing\Dispatcher.php(161): Dispatcher->_invoke(Object(BoardsController), Object(CakeRequest), Object(CakeResponse))
#2 C:\wamp\www\themeboard\app\webroot\index.php(92): Dispatcher->dispatch(Object(CakeRequest), Object(CakeResponse))
#3 {main}
2012-12-12 04:37:11 Error: [MissingActionException] Action BoardsController::1() could not be found.
#0 C:\wamp\www\themeboard\lib\Cake\Routing\Dispatcher.php(186): Controller->invokeAction(Object(CakeRequest))
#1 C:\wamp\www\themeboard\lib\Cake\Routing\Dispatcher.php(161): Dispatcher->_invoke(Object(BoardsController), Object(CakeRequest), Object(CakeResponse))
#2 C:\wamp\www\themeboard\app\webroot\index.php(92): Dispatcher->dispatch(Object(CakeRequest), Object(CakeResponse))
#3 {main}
2012-12-12 04:54:43 Error: Fatal Error (1): Call to a member function read() on a non-object in [C:\wamp\www\themeboard\app\Controller\TopicsController.php, line 12]
2012-12-12 04:54:43 Error: [FatalErrorException] Call to a member function read() on a non-object
#0 C:\wamp\www\themeboard\lib\Cake\Error\ErrorHandler.php(161): ErrorHandler::handleFatalError(1, 'Call to a membe...', 'C:\wamp\www\the...', 12)
#1 [internal function]: ErrorHandler::handleError(1, 'Call to a membe...', 'C:\wamp\www\the...', 12, Array)
#2 C:\wamp\www\themeboard\lib\Cake\Core\App.php(926): call_user_func('ErrorHandler::h...', 1, 'Call to a membe...', 'C:\wamp\www\the...', 12, Array)
#3 C:\wamp\www\themeboard\lib\Cake\Core\App.php(899): App::_checkFatalError()
#4 [internal function]: App::shutdown()
#5 {main}
2012-12-12 04:57:12 Error: Fatal Error (4): parse error, expecting `';'' in [C:\wamp\www\themeboard\app\View\Topics\add.ctp, line 9]
2012-12-12 04:57:12 Error: [FatalErrorException] parse error, expecting `';''
#0 C:\wamp\www\themeboard\lib\Cake\Error\ErrorHandler.php(161): ErrorHandler::handleFatalError(4, 'parse error, ex...', 'C:\wamp\www\the...', 9)
#1 [internal function]: ErrorHandler::handleError(4, 'parse error, ex...', 'C:\wamp\www\the...', 9, Array)
#2 C:\wamp\www\themeboard\lib\Cake\Core\App.php(926): call_user_func('ErrorHandler::h...', 4, 'parse error, ex...', 'C:\wamp\www\the...', 9, Array)
#3 C:\wamp\www\themeboard\lib\Cake\Core\App.php(899): App::_checkFatalError()
#4 [internal function]: App::shutdown()
#5 {main}
2012-12-12 05:05:22 Error: Fatal Error (1): Call to a member function validates() on a non-object in [C:\wamp\www\themeboard\app\Controller\TopicsController.php, line 19]
2012-12-12 05:05:22 Error: [FatalErrorException] Call to a member function validates() on a non-object
#0 C:\wamp\www\themeboard\lib\Cake\Error\ErrorHandler.php(161): ErrorHandler::handleFatalError(1, 'Call to a membe...', 'C:\wamp\www\the...', 19)
#1 [internal function]: ErrorHandler::handleError(1, 'Call to a membe...', 'C:\wamp\www\the...', 19, Array)
#2 C:\wamp\www\themeboard\lib\Cake\Core\App.php(926): call_user_func('ErrorHandler::h...', 1, 'Call to a membe...', 'C:\wamp\www\the...', 19, Array)
#3 C:\wamp\www\themeboard\lib\Cake\Core\App.php(899): App::_checkFatalError()
#4 [internal function]: App::shutdown()
#5 {main}
2012-12-12 05:06:29 Error: [MissingActionException] Action BoardsController::1() could not be found.
#0 C:\wamp\www\themeboard\lib\Cake\Routing\Dispatcher.php(186): Controller->invokeAction(Object(CakeRequest))
#1 C:\wamp\www\themeboard\lib\Cake\Routing\Dispatcher.php(161): Dispatcher->_invoke(Object(BoardsController), Object(CakeRequest), Object(CakeResponse))
#2 C:\wamp\www\themeboard\app\webroot\index.php(92): Dispatcher->dispatch(Object(CakeRequest), Object(CakeResponse))
#3 {main}
2012-12-12 05:13:15 Error: [PDOException] SQLSTATE[23000]: Integrity constraint violation: 1062 Duplicate entry '0' for key 'PRIMARY'
#0 C:\wamp\www\themeboard\lib\Cake\Model\Datasource\DboSource.php(459): PDOStatement->execute(Array)
#1 C:\wamp\www\themeboard\lib\Cake\Model\Datasource\DboSource.php(425): DboSource->_execute('INSERT INTO `th...', Array)
#2 C:\wamp\www\themeboard\lib\Cake\Model\Datasource\DboSource.php(1007): DboSource->execute('INSERT INTO `th...')
#3 C:\wamp\www\themeboard\lib\Cake\Model\Model.php(1734): DboSource->create(Object(Topic), Array, Array)
#4 C:\wamp\www\themeboard\app\Controller\TopicsController.php(22): Model->save(Array)
#5 [internal function]: TopicsController->add()
#6 C:\wamp\www\themeboard\lib\Cake\Controller\Controller.php(485): ReflectionMethod->invokeArgs(Object(TopicsController), Array)
#7 C:\wamp\www\themeboard\lib\Cake\Routing\Dispatcher.php(186): Controller->invokeAction(Object(CakeRequest))
#8 C:\wamp\www\themeboard\lib\Cake\Routing\Dispatcher.php(161): Dispatcher->_invoke(Object(TopicsController), Object(CakeRequest), Object(CakeResponse))
#9 C:\wamp\www\themeboard\app\webroot\index.php(92): Dispatcher->dispatch(Object(CakeRequest), Object(CakeResponse))
#10 {main}
2012-12-12 05:14:20 Error: [PDOException] SQLSTATE[23000]: Integrity constraint violation: 1062 Duplicate entry '0' for key 'PRIMARY'
#0 C:\wamp\www\themeboard\lib\Cake\Model\Datasource\DboSource.php(459): PDOStatement->execute(Array)
#1 C:\wamp\www\themeboard\lib\Cake\Model\Datasource\DboSource.php(425): DboSource->_execute('INSERT INTO `th...', Array)
#2 C:\wamp\www\themeboard\lib\Cake\Model\Datasource\DboSource.php(1007): DboSource->execute('INSERT INTO `th...')
#3 C:\wamp\www\themeboard\lib\Cake\Model\Model.php(1734): DboSource->create(Object(Topic), Array, Array)
#4 C:\wamp\www\themeboard\app\Controller\TopicsController.php(23): Model->save(Array)
#5 [internal function]: TopicsController->add()
#6 C:\wamp\www\themeboard\lib\Cake\Controller\Controller.php(485): ReflectionMethod->invokeArgs(Object(TopicsController), Array)
#7 C:\wamp\www\themeboard\lib\Cake\Routing\Dispatcher.php(186): Controller->invokeAction(Object(CakeRequest))
#8 C:\wamp\www\themeboard\lib\Cake\Routing\Dispatcher.php(161): Dispatcher->_invoke(Object(TopicsController), Object(CakeRequest), Object(CakeResponse))
#9 C:\wamp\www\themeboard\app\webroot\index.php(92): Dispatcher->dispatch(Object(CakeRequest), Object(CakeResponse))
#10 {main}
2012-12-12 05:14:29 Error: [PDOException] SQLSTATE[23000]: Integrity constraint violation: 1062 Duplicate entry '0' for key 'PRIMARY'
#0 C:\wamp\www\themeboard\lib\Cake\Model\Datasource\DboSource.php(459): PDOStatement->execute(Array)
#1 C:\wamp\www\themeboard\lib\Cake\Model\Datasource\DboSource.php(425): DboSource->_execute('INSERT INTO `th...', Array)
#2 C:\wamp\www\themeboard\lib\Cake\Model\Datasource\DboSource.php(1007): DboSource->execute('INSERT INTO `th...')
#3 C:\wamp\www\themeboard\lib\Cake\Model\Model.php(1734): DboSource->create(Object(Topic), Array, Array)
#4 C:\wamp\www\themeboard\app\Controller\TopicsController.php(23): Model->save(Array)
#5 [internal function]: TopicsController->add()
#6 C:\wamp\www\themeboard\lib\Cake\Controller\Controller.php(485): ReflectionMethod->invokeArgs(Object(TopicsController), Array)
#7 C:\wamp\www\themeboard\lib\Cake\Routing\Dispatcher.php(186): Controller->invokeAction(Object(CakeRequest))
#8 C:\wamp\www\themeboard\lib\Cake\Routing\Dispatcher.php(161): Dispatcher->_invoke(Object(TopicsController), Object(CakeRequest), Object(CakeResponse))
#9 C:\wamp\www\themeboard\app\webroot\index.php(92): Dispatcher->dispatch(Object(CakeRequest), Object(CakeResponse))
#10 {main}
2012-12-12 05:15:07 Error: [PDOException] SQLSTATE[23000]: Integrity constraint violation: 1062 Duplicate entry '0' for key 'PRIMARY'
#0 C:\wamp\www\themeboard\lib\Cake\Model\Datasource\DboSource.php(459): PDOStatement->execute(Array)
#1 C:\wamp\www\themeboard\lib\Cake\Model\Datasource\DboSource.php(425): DboSource->_execute('INSERT INTO `th...', Array)
#2 C:\wamp\www\themeboard\lib\Cake\Model\Datasource\DboSource.php(1007): DboSource->execute('INSERT INTO `th...')
#3 C:\wamp\www\themeboard\lib\Cake\Model\Model.php(1734): DboSource->create(Object(Topic), Array, Array)
#4 C:\wamp\www\themeboard\app\Controller\TopicsController.php(23): Model->save(Array)
#5 [internal function]: TopicsController->add()
#6 C:\wamp\www\themeboard\lib\Cake\Controller\Controller.php(485): ReflectionMethod->invokeArgs(Object(TopicsController), Array)
#7 C:\wamp\www\themeboard\lib\Cake\Routing\Dispatcher.php(186): Controller->invokeAction(Object(CakeRequest))
#8 C:\wamp\www\themeboard\lib\Cake\Routing\Dispatcher.php(161): Dispatcher->_invoke(Object(TopicsController), Object(CakeRequest), Object(CakeResponse))
#9 C:\wamp\www\themeboard\app\webroot\index.php(92): Dispatcher->dispatch(Object(CakeRequest), Object(CakeResponse))
#10 {main}
2012-12-12 05:15:51 Error: [PDOException] SQLSTATE[23000]: Integrity constraint violation: 1062 Duplicate entry '0' for key 'PRIMARY'
#0 C:\wamp\www\themeboard\lib\Cake\Model\Datasource\DboSource.php(459): PDOStatement->execute(Array)
#1 C:\wamp\www\themeboard\lib\Cake\Model\Datasource\DboSource.php(425): DboSource->_execute('INSERT INTO `th...', Array)
#2 C:\wamp\www\themeboard\lib\Cake\Model\Datasource\DboSource.php(1007): DboSource->execute('INSERT INTO `th...')
#3 C:\wamp\www\themeboard\lib\Cake\Model\Model.php(1734): DboSource->create(Object(Topic), Array, Array)
#4 C:\wamp\www\themeboard\app\Controller\TopicsController.php(22): Model->save(Array)
#5 [internal function]: TopicsController->add()
#6 C:\wamp\www\themeboard\lib\Cake\Controller\Controller.php(485): ReflectionMethod->invokeArgs(Object(TopicsController), Array)
#7 C:\wamp\www\themeboard\lib\Cake\Routing\Dispatcher.php(186): Controller->invokeAction(Object(CakeRequest))
#8 C:\wamp\www\themeboard\lib\Cake\Routing\Dispatcher.php(161): Dispatcher->_invoke(Object(TopicsController), Object(CakeRequest), Object(CakeResponse))
#9 C:\wamp\www\themeboard\app\webroot\index.php(92): Dispatcher->dispatch(Object(CakeRequest), Object(CakeResponse))
#10 {main}
2012-12-12 05:15:54 Error: [PDOException] SQLSTATE[23000]: Integrity constraint violation: 1062 Duplicate entry '0' for key 'PRIMARY'
#0 C:\wamp\www\themeboard\lib\Cake\Model\Datasource\DboSource.php(459): PDOStatement->execute(Array)
#1 C:\wamp\www\themeboard\lib\Cake\Model\Datasource\DboSource.php(425): DboSource->_execute('INSERT INTO `th...', Array)
#2 C:\wamp\www\themeboard\lib\Cake\Model\Datasource\DboSource.php(1007): DboSource->execute('INSERT INTO `th...')
#3 C:\wamp\www\themeboard\lib\Cake\Model\Model.php(1734): DboSource->create(Object(Topic), Array, Array)
#4 C:\wamp\www\themeboard\app\Controller\TopicsController.php(22): Model->save(Array)
#5 [internal function]: TopicsController->add()
#6 C:\wamp\www\themeboard\lib\Cake\Controller\Controller.php(485): ReflectionMethod->invokeArgs(Object(TopicsController), Array)
#7 C:\wamp\www\themeboard\lib\Cake\Routing\Dispatcher.php(186): Controller->invokeAction(Object(CakeRequest))
#8 C:\wamp\www\themeboard\lib\Cake\Routing\Dispatcher.php(161): Dispatcher->_invoke(Object(TopicsController), Object(CakeRequest), Object(CakeResponse))
#9 C:\wamp\www\themeboard\app\webroot\index.php(92): Dispatcher->dispatch(Object(CakeRequest), Object(CakeResponse))
#10 {main}
2012-12-12 05:16:00 Error: [PDOException] SQLSTATE[23000]: Integrity constraint violation: 1062 Duplicate entry '0' for key 'PRIMARY'
#0 C:\wamp\www\themeboard\lib\Cake\Model\Datasource\DboSource.php(459): PDOStatement->execute(Array)
#1 C:\wamp\www\themeboard\lib\Cake\Model\Datasource\DboSource.php(425): DboSource->_execute('INSERT INTO `th...', Array)
#2 C:\wamp\www\themeboard\lib\Cake\Model\Datasource\DboSource.php(1007): DboSource->execute('INSERT INTO `th...')
#3 C:\wamp\www\themeboard\lib\Cake\Model\Model.php(1734): DboSource->create(Object(Topic), Array, Array)
#4 C:\wamp\www\themeboard\app\Controller\TopicsController.php(22): Model->save(Array)
#5 [internal function]: TopicsController->add()
#6 C:\wamp\www\themeboard\lib\Cake\Controller\Controller.php(485): ReflectionMethod->invokeArgs(Object(TopicsController), Array)
#7 C:\wamp\www\themeboard\lib\Cake\Routing\Dispatcher.php(186): Controller->invokeAction(Object(CakeRequest))
#8 C:\wamp\www\themeboard\lib\Cake\Routing\Dispatcher.php(161): Dispatcher->_invoke(Object(TopicsController), Object(CakeRequest), Object(CakeResponse))
#9 C:\wamp\www\themeboard\app\webroot\index.php(92): Dispatcher->dispatch(Object(CakeRequest), Object(CakeResponse))
#10 {main}
2012-12-12 05:17:02 Error: [PDOException] SQLSTATE[23000]: Integrity constraint violation: 1062 Duplicate entry '0' for key 'PRIMARY'
#0 C:\wamp\www\themeboard\lib\Cake\Model\Datasource\DboSource.php(459): PDOStatement->execute(Array)
#1 C:\wamp\www\themeboard\lib\Cake\Model\Datasource\DboSource.php(425): DboSource->_execute('INSERT INTO `th...', Array)
#2 C:\wamp\www\themeboard\lib\Cake\Model\Datasource\DboSource.php(1007): DboSource->execute('INSERT INTO `th...')
#3 C:\wamp\www\themeboard\lib\Cake\Model\Model.php(1734): DboSource->create(Object(Topic), Array, Array)
#4 C:\wamp\www\themeboard\app\Controller\TopicsController.php(22): Model->save(Array)
#5 [internal function]: TopicsController->add()
#6 C:\wamp\www\themeboard\lib\Cake\Controller\Controller.php(485): ReflectionMethod->invokeArgs(Object(TopicsController), Array)
#7 C:\wamp\www\themeboard\lib\Cake\Routing\Dispatcher.php(186): Controller->invokeAction(Object(CakeRequest))
#8 C:\wamp\www\themeboard\lib\Cake\Routing\Dispatcher.php(161): Dispatcher->_invoke(Object(TopicsController), Object(CakeRequest), Object(CakeResponse))
#9 C:\wamp\www\themeboard\app\webroot\index.php(92): Dispatcher->dispatch(Object(CakeRequest), Object(CakeResponse))
#10 {main}
2012-12-12 05:23:30 Error: [MissingActionException] Action TopicsController::1() could not be found.
#0 C:\wamp\www\themeboard\lib\Cake\Routing\Dispatcher.php(186): Controller->invokeAction(Object(CakeRequest))
#1 C:\wamp\www\themeboard\lib\Cake\Routing\Dispatcher.php(161): Dispatcher->_invoke(Object(TopicsController), Object(CakeRequest), Object(CakeResponse))
#2 C:\wamp\www\themeboard\app\webroot\index.php(92): Dispatcher->dispatch(Object(CakeRequest), Object(CakeResponse))
#3 {main}
2012-12-12 05:24:38 Error: Fatal Error (4): parse error, expecting `')'' in [C:\wamp\www\themeboard\app\Config\routes.php, line 34]
2012-12-12 05:24:38 Error: [FatalErrorException] parse error, expecting `')''
#0 C:\wamp\www\themeboard\lib\Cake\Error\ErrorHandler.php(161): ErrorHandler::handleFatalError(4, 'parse error, ex...', 'C:\wamp\www\the...', 34)
#1 [internal function]: ErrorHandler::handleError(4, 'parse error, ex...', 'C:\wamp\www\the...', 34, Array)
#2 C:\wamp\www\themeboard\lib\Cake\Core\App.php(926): call_user_func('ErrorHandler::h...', 4, 'parse error, ex...', 'C:\wamp\www\the...', 34, Array)
#3 C:\wamp\www\themeboard\lib\Cake\Core\App.php(899): App::_checkFatalError()
#4 [internal function]: App::shutdown()
#5 {main}
2012-12-12 05:25:50 Error: [MissingActionException] Action TopicsController::1() could not be found.
#0 C:\wamp\www\themeboard\lib\Cake\Routing\Dispatcher.php(186): Controller->invokeAction(Object(CakeRequest))
#1 C:\wamp\www\themeboard\lib\Cake\Routing\Dispatcher.php(161): Dispatcher->_invoke(Object(TopicsController), Object(CakeRequest), Object(CakeResponse))
#2 C:\wamp\www\themeboard\app\webroot\index.php(92): Dispatcher->dispatch(Object(CakeRequest), Object(CakeResponse))
#3 {main}
2012-12-12 05:26:08 Error: [MissingActionException] Action TopicsController::1() could not be found.
#0 C:\wamp\www\themeboard\lib\Cake\Routing\Dispatcher.php(186): Controller->invokeAction(Object(CakeRequest))
#1 C:\wamp\www\themeboard\lib\Cake\Routing\Dispatcher.php(161): Dispatcher->_invoke(Object(TopicsController), Object(CakeRequest), Object(CakeResponse))
#2 C:\wamp\www\themeboard\app\webroot\index.php(92): Dispatcher->dispatch(Object(CakeRequest), Object(CakeResponse))
#3 {main}
2012-12-12 05:26:52 Error: [MissingActionException] Action TopicsController::1() could not be found.
#0 C:\wamp\www\themeboard\lib\Cake\Routing\Dispatcher.php(186): Controller->invokeAction(Object(CakeRequest))
#1 C:\wamp\www\themeboard\lib\Cake\Routing\Dispatcher.php(161): Dispatcher->_invoke(Object(TopicsController), Object(CakeRequest), Object(CakeResponse))
#2 C:\wamp\www\themeboard\app\webroot\index.php(92): Dispatcher->dispatch(Object(CakeRequest), Object(CakeResponse))
#3 {main}
2012-12-12 05:27:03 Error: [MissingViewException] View file "C:\wamp\www\themeboard\app\View\Topics\index.ctp" is missing.
#0 C:\wamp\www\themeboard\lib\Cake\View\View.php(473): View->_getViewFileName(NULL)
#1 C:\wamp\www\themeboard\lib\Cake\Controller\Controller.php(956): View->render(NULL, NULL)
#2 C:\wamp\www\themeboard\lib\Cake\Routing\Dispatcher.php(193): Controller->render()
#3 C:\wamp\www\themeboard\lib\Cake\Routing\Dispatcher.php(161): Dispatcher->_invoke(Object(TopicsController), Object(CakeRequest), Object(CakeResponse))
#4 C:\wamp\www\themeboard\app\webroot\index.php(92): Dispatcher->dispatch(Object(CakeRequest), Object(CakeResponse))
#5 {main}
2012-12-12 05:27:19 Error: [MissingActionException] Action BoardsController::1() could not be found.
#0 C:\wamp\www\themeboard\lib\Cake\Routing\Dispatcher.php(186): Controller->invokeAction(Object(CakeRequest))
#1 C:\wamp\www\themeboard\lib\Cake\Routing\Dispatcher.php(161): Dispatcher->_invoke(Object(BoardsController), Object(CakeRequest), Object(CakeResponse))
#2 C:\wamp\www\themeboard\app\webroot\index.php(92): Dispatcher->dispatch(Object(CakeRequest), Object(CakeResponse))
#3 {main}
2012-12-12 05:27:43 Error: [MissingViewException] View file "C:\wamp\www\themeboard\app\View\Topics\index.ctp" is missing.
#0 C:\wamp\www\themeboard\lib\Cake\View\View.php(473): View->_getViewFileName(NULL)
#1 C:\wamp\www\themeboard\lib\Cake\Controller\Controller.php(956): View->render(NULL, NULL)
#2 C:\wamp\www\themeboard\lib\Cake\Routing\Dispatcher.php(193): Controller->render()
#3 C:\wamp\www\themeboard\lib\Cake\Routing\Dispatcher.php(161): Dispatcher->_invoke(Object(TopicsController), Object(CakeRequest), Object(CakeResponse))
#4 C:\wamp\www\themeboard\app\webroot\index.php(92): Dispatcher->dispatch(Object(CakeRequest), Object(CakeResponse))
#5 {main}
2012-12-12 06:00:13 Error: Fatal Error (4): parse error in [C:\wamp\www\themeboard\app\View\Elements\add_photo.ctp, line 2]
2012-12-12 06:00:13 Error: [FatalErrorException] parse error
#0 C:\wamp\www\themeboard\lib\Cake\Error\ErrorHandler.php(161): ErrorHandler::handleFatalError(4, 'parse error', 'C:\wamp\www\the...', 2)
#1 [internal function]: ErrorHandler::handleError(4, 'parse error', 'C:\wamp\www\the...', 2, Array)
#2 C:\wamp\www\themeboard\lib\Cake\Core\App.php(926): call_user_func('ErrorHandler::h...', 4, 'parse error', 'C:\wamp\www\the...', 2, Array)
#3 C:\wamp\www\themeboard\lib\Cake\Core\App.php(899): App::_checkFatalError()
#4 [internal function]: App::shutdown()
#5 {main}
2012-12-12 06:02:14 Error: Fatal Error (4): parse error in [C:\wamp\www\themeboard\app\View\Elements\add_photo.ctp, line 2]
2012-12-12 06:02:14 Error: [FatalErrorException] parse error
#0 C:\wamp\www\themeboard\lib\Cake\Error\ErrorHandler.php(161): ErrorHandler::handleFatalError(4, 'parse error', 'C:\wamp\www\the...', 2)
#1 [internal function]: ErrorHandler::handleError(4, 'parse error', 'C:\wamp\www\the...', 2, Array)
#2 C:\wamp\www\themeboard\lib\Cake\Core\App.php(926): call_user_func('ErrorHandler::h...', 4, 'parse error', 'C:\wamp\www\the...', 2, Array)
#3 C:\wamp\www\themeboard\lib\Cake\Core\App.php(899): App::_checkFatalError()
#4 [internal function]: App::shutdown()
#5 {main}
2012-12-12 06:09:02 Error: Fatal Error (1): Call to a member function validates() on a non-object in [C:\wamp\www\themeboard\app\Controller\TopicPhotosController.php, line 12]
2012-12-12 06:09:02 Error: [FatalErrorException] Call to a member function validates() on a non-object
#0 C:\wamp\www\themeboard\lib\Cake\Error\ErrorHandler.php(161): ErrorHandler::handleFatalError(1, 'Call to a membe...', 'C:\wamp\www\the...', 12)
#1 [internal function]: ErrorHandler::handleError(1, 'Call to a membe...', 'C:\wamp\www\the...', 12, Array)
#2 C:\wamp\www\themeboard\lib\Cake\Core\App.php(926): call_user_func('ErrorHandler::h...', 1, 'Call to a membe...', 'C:\wamp\www\the...', 12, Array)
#3 C:\wamp\www\themeboard\lib\Cake\Core\App.php(899): App::_checkFatalError()
#4 [internal function]: App::shutdown()
#5 {main}
2012-12-12 06:09:16 Error: [MissingActionException] Action BoardsController::topic() could not be found.
#0 C:\wamp\www\themeboard\lib\Cake\Routing\Dispatcher.php(186): Controller->invokeAction(Object(CakeRequest))
#1 C:\wamp\www\themeboard\lib\Cake\Routing\Dispatcher.php(161): Dispatcher->_invoke(Object(BoardsController), Object(CakeRequest), Object(CakeResponse))
#2 C:\wamp\www\themeboard\app\webroot\index.php(92): Dispatcher->dispatch(Object(CakeRequest), Object(CakeResponse))
#3 {main}
2012-12-12 06:09:57 Error: [MissingActionException] Action BoardsController::topic() could not be found.
#0 C:\wamp\www\themeboard\lib\Cake\Routing\Dispatcher.php(186): Controller->invokeAction(Object(CakeRequest))
#1 C:\wamp\www\themeboard\lib\Cake\Routing\Dispatcher.php(161): Dispatcher->_invoke(Object(BoardsController), Object(CakeRequest), Object(CakeResponse))
#2 C:\wamp\www\themeboard\app\webroot\index.php(92): Dispatcher->dispatch(Object(CakeRequest), Object(CakeResponse))
#3 {main}
2012-12-12 06:10:45 Error: [MissingActionException] Action BoardsController::topic() could not be found.
#0 C:\wamp\www\themeboard\lib\Cake\Routing\Dispatcher.php(186): Controller->invokeAction(Object(CakeRequest))
#1 C:\wamp\www\themeboard\lib\Cake\Routing\Dispatcher.php(161): Dispatcher->_invoke(Object(BoardsController), Object(CakeRequest), Object(CakeResponse))
#2 C:\wamp\www\themeboard\app\webroot\index.php(92): Dispatcher->dispatch(Object(CakeRequest), Object(CakeResponse))
#3 {main}
2012-12-12 06:11:32 Error: [MissingActionException] Action BoardsController::topic() could not be found.
#0 C:\wamp\www\themeboard\lib\Cake\Routing\Dispatcher.php(186): Controller->invokeAction(Object(CakeRequest))
#1 C:\wamp\www\themeboard\lib\Cake\Routing\Dispatcher.php(161): Dispatcher->_invoke(Object(BoardsController), Object(CakeRequest), Object(CakeResponse))
#2 C:\wamp\www\themeboard\app\webroot\index.php(92): Dispatcher->dispatch(Object(CakeRequest), Object(CakeResponse))
#3 {main}
2012-12-12 06:12:09 Error: [MissingActionException] Action BoardsController::topic() could not be found.
#0 C:\wamp\www\themeboard\lib\Cake\Routing\Dispatcher.php(186): Controller->invokeAction(Object(CakeRequest))
#1 C:\wamp\www\themeboard\lib\Cake\Routing\Dispatcher.php(161): Dispatcher->_invoke(Object(BoardsController), Object(CakeRequest), Object(CakeResponse))
#2 C:\wamp\www\themeboard\app\webroot\index.php(92): Dispatcher->dispatch(Object(CakeRequest), Object(CakeResponse))
#3 {main}
2012-12-12 06:12:36 Error: [MissingActionException] Action BoardsController::topic() could not be found.
#0 C:\wamp\www\themeboard\lib\Cake\Routing\Dispatcher.php(186): Controller->invokeAction(Object(CakeRequest))
#1 C:\wamp\www\themeboard\lib\Cake\Routing\Dispatcher.php(161): Dispatcher->_invoke(Object(BoardsController), Object(CakeRequest), Object(CakeResponse))
#2 C:\wamp\www\themeboard\app\webroot\index.php(92): Dispatcher->dispatch(Object(CakeRequest), Object(CakeResponse))
#3 {main}
